[03:54:57] [ServerMain/INFO]: [bootstrap] Running Java 21 (OpenJDK 64-Bit Server VM 21.0.5+11-Ubuntu-1ubuntu120.04; Ubuntu null) on Linux 6.5.0-1025-azure (amd64)
[03:54:57] [ServerMain/INFO]: [bootstrap] Loading Paper 1.21.3-63-master@4190ee7 (2024-11-25T18:59:19Z) for Minecraft 1.21.3
[03:54:57] [ServerMain/INFO]: [PluginInitializerManager] Initializing plugins...
[03:54:57] [ServerMain/INFO]: [PluginInitializerManager] Initialized 5 plugins
[03:54:57] [ServerMain/INFO]: [PluginInitializerManager] Bukkit plugins (5):
 - Geyser-Spigot (2.6.0-SNAPSHOT), SimpleTpa (7.4), SkinsRestorer (15.5.2), ViaVersion (5.2.1), floodgate (2.2.3-SNAPSHOT (b114-83fbd6e))
[03:55:02] [ServerMain/INFO]: Environment: Environment[sessionHost=https://sessionserver.mojang.com, servicesHost=https://api.minecraftservices.com, name=PROD]
[03:55:04] [ServerMain/INFO]: Loaded 1337 recipes
[03:55:04] [ServerMain/INFO]: Loaded 1448 advancements
[03:55:04] [Server thread/INFO]: Starting minecraft server version 1.21.3
[03:55:04] [Server thread/INFO]: Loading properties
[03:55:04] [Server thread/INFO]: This server is running Paper version 1.21.3-63-master@4190ee7 (2024-11-25T18:59:19Z) (Implementing API version 1.21.3-R0.1-SNAPSHOT)
[03:55:05] [Server thread/INFO]: [spark] This server bundles the spark profiler. For more information please visit https://docs.papermc.io/paper/profiling
[03:55:05] [Server thread/INFO]: Server Ping Player Sample Count: 12
[03:55:05] [Server thread/INFO]: Using 4 threads for Netty based IO
[03:55:06] [Server thread/INFO]: [MoonriseCommon] Paper is using 1 worker threads, 1 I/O threads
[03:55:06] [Server thread/INFO]: [ChunkTaskScheduler] Chunk system is using population gen parallelism: true
[03:55:06] [Server thread/INFO]: Default game type: SURVIVAL
[03:55:06] [Server thread/INFO]: Generating keypair
[03:55:06] [Server thread/INFO]: Starting Minecraft server on *:25565
[03:55:06] [Server thread/INFO]: Using epoll channel type
[03:55:06] [Server thread/INFO]: Paper: Using libdeflate (Linux x86_64) compression from Velocity.
[03:55:06] [Server thread/INFO]: Paper: Using OpenSSL 1.1.x (Linux x86_64) cipher from Velocity.
[03:55:07] [Server thread/INFO]: [floodgate] Loading server plugin floodgate v2.2.3-SNAPSHOT (b114-83fbd6e)
[03:55:08] [Server thread/WARN]: [floodgate] en_ is not a supported Floodgate language.
[03:55:08] [Server thread/INFO]: [floodgate] Took 687ms to boot Floodgate
[03:55:08] [Server thread/INFO]: [ViaVersion] Loading server plugin ViaVersion v5.2.1
[03:55:08] [Server thread/INFO]: [ViaVersion] ViaVersion 5.2.1 is now loaded. Registering protocol transformers and injecting...
[03:55:08] [Via-Mappingloader-0/INFO]: [ViaVersion] Loading block connection mappings ...
[03:55:08] [Via-Mappingloader-0/INFO]: [ViaVersion] Using FastUtil Long2ObjectOpenHashMap for block connections
[03:55:09] [Server thread/INFO]: [SkinsRestorer] Loading server plugin SkinsRestorer v15.5.2
[03:55:09] [Server thread/INFO]: [Geyser-Spigot] Loading server plugin Geyser-Spigot v2.6.0-SNAPSHOT
[03:55:09] [Server thread/INFO]: [Geyser-Spigot] Loading extensions...
[03:55:09] [Server thread/INFO]: [Geyser-Spigot] Loaded 0 extension(s)
[03:55:09] [Server thread/INFO]: [SimpleTpa] Loading server plugin SimpleTpa v7.4
[03:55:09] [Server thread/INFO]: Server permissions file permissions.yml is empty, ignoring it
[03:55:09] [Server thread/INFO]: [SkinsRestorer] Enabling SkinsRestorer v15.5.2
[03:55:10] [Server thread/WARN]: [SkinsRestorer] You must agree to the rules at 'commands.perSkinPermissionsConsent' in the config to use per skin permissions.
[03:55:10] [Server thread/INFO]: [SkinsRestorer] Running on Minecraft 1.21.3.
[03:55:10] [Server thread/INFO]: [SkinsRestorer] Floodgate skin listener registered
[03:55:11] [Server thread/INFO]: [SkinsRestorer] Using paper join listener!
[03:55:11] [Server thread/WARN]: **** SERVER IS RUNNING IN OFFLINE/INSECURE MODE!
[03:55:11] [Server thread/WARN]: The server will make no attempt to authenticate usernames. Beware.
[03:55:11] [Server thread/WARN]: While this makes the game possible to play without internet access, it also opens up the ability for hackers to connect with any username they choose.
[03:55:11] [Server thread/WARN]: To change this, set "online-mode" to "true" in the server.properties file.
[03:55:11] [Server thread/INFO]: Preparing level "world"
[03:55:11] [Folia Async Scheduler Thread #1/INFO]: [SkinsRestorer] ----------------------------------------------
[03:55:11] [Folia Async Scheduler Thread #1/INFO]: [SkinsRestorer]     +==================+
[03:55:11] [Folia Async Scheduler Thread #1/INFO]: [SkinsRestorer]     |   SkinsRestorer  |
[03:55:11] [Folia Async Scheduler Thread #1/INFO]: [SkinsRestorer]     |------------------|
[03:55:11] [Folia Async Scheduler Thread #1/INFO]: [SkinsRestorer]     |  Standalone Mode |
[03:55:11] [Folia Async Scheduler Thread #1/INFO]: [SkinsRestorer]     +==================+
[03:55:11] [Folia Async Scheduler Thread #1/INFO]: [SkinsRestorer] ----------------------------------------------
[03:55:11] [Folia Async Scheduler Thread #1/INFO]: [SkinsRestorer]     Version: 15.5.2
[03:55:11] [Folia Async Scheduler Thread #1/INFO]: [SkinsRestorer]     Commit: ae257f6
[03:55:11] [Folia Async Scheduler Thread #1/INFO]: [SkinsRestorer]     This is the latest version!
[03:55:11] [Folia Async Scheduler Thread #1/INFO]: [SkinsRestorer] ----------------------------------------------
[03:55:11] [Folia Async Scheduler Thread #1/INFO]: [SkinsRestorer] Do you have issues? Read our troubleshooting guide: https://skinsrestorer.net/docs/troubleshooting
[03:55:11] [Folia Async Scheduler Thread #1/INFO]: [SkinsRestorer] Want to support SkinsRestorer? Consider donating: https://skinsrestorer.net/donate
[03:55:11] [Server thread/INFO]: Preparing start region for dimension minecraft:overworld
[03:55:12] [Server thread/INFO]: Preparing spawn area: 0%
[03:55:12] [Server thread/INFO]: Preparing spawn area: 2%
[03:55:12] [Server thread/INFO]: Time elapsed: 796 ms
[03:55:12] [Server thread/INFO]: Preparing start region for dimension minecraft:the_nether
[03:55:12] [Server thread/INFO]: Preparing spawn area: 0%
[03:55:12] [Paper Common Worker #0/INFO]: [MCTypeRegistry] Initialising converters for DataConverter...
[03:55:13] [Paper Common Worker #0/INFO]: [MCTypeRegistry] Finished initialising converters for DataConverter in 332.4ms
[03:55:13] [Server thread/INFO]: Preparing spawn area: 2%
[03:55:13] [Server thread/INFO]: Time elapsed: 850 ms
[03:55:13] [Server thread/INFO]: Preparing start region for dimension minecraft:the_end
[03:55:13] [Server thread/INFO]: Preparing spawn area: 0%
[03:55:13] [Server thread/INFO]: Time elapsed: 138 ms
[03:55:13] [Server thread/INFO]: [floodgate] Enabling floodgate v2.2.3-SNAPSHOT (b114-83fbd6e)
[03:55:14] [Server thread/INFO]: [ViaVersion] Enabling ViaVersion v5.2.1
[03:55:14] [Server thread/INFO]: [ViaVersion] ViaVersion detected server version: 1.21.2-1.21.3 (768)
[03:55:14] [Server thread/INFO]: [Geyser-Spigot] Enabling Geyser-Spigot v2.6.0-SNAPSHOT
[03:55:14] [Server thread/INFO]: [SimpleTpa] Enabling SimpleTpa v7.4
[03:55:14] [Server thread/INFO]: [SimpleTpa] If you need support contact me at https://discord.gg/SZUkza9
[03:55:14] [Server thread/INFO]: [SimpleTpa] Simple Tpa has been enabled on version 7.4
[03:55:14] [Server thread/INFO]: Enabled metrics. You may opt-out by changing plugins/bStats/config.yml
[03:55:14] [Server thread/INFO]: [spark] Starting background profiler...
[03:55:14] [Server thread/INFO]: [Geyser-Spigot] ******************************************
[03:55:14] [Server thread/INFO]: [Geyser-Spigot] 
[03:55:14] [Server thread/INFO]: [Geyser-Spigot] Loading Geyser version 2.6.0-b754 (git-master-ea13e58)
[03:55:14] [Server thread/INFO]: [Geyser-Spigot] 
[03:55:14] [Server thread/INFO]: [Geyser-Spigot] ******************************************
[03:55:18] [epollEventLoopGroup-3-2/INFO]: [Geyser-Spigot] Started Geyser on UDP port 25565
[03:55:18] [Server thread/INFO]: [Geyser-Spigot] Done (3.963s)! Run /geyser help for help!
[03:55:19] [Server thread/INFO]: Done preparing level "world" (7.899s)
[03:55:19] [Server thread/INFO]: Running delayed init tasks
[03:55:19] [Server thread/INFO]: Done (22.946s)! For help, type "help"
[03:55:19] [Craft Scheduler Thread - 2 - ViaVersion/INFO]: [ViaVersion] Finished mapping loading, shutting down loader executor.
[03:55:46] [User Authenticator #0/INFO]: UUID of player Jwanxz is a7486279-1c00-380e-a00c-0b58214278c6
[03:55:46] [Server thread/INFO]: Jwanxz joined the game
[03:55:47] [Server thread/INFO]: Jwanxz[/127.155.128.49:47047] logged in with entity id 16 at ([world]-232.37399734478583, 63.0, -183.02490566046802)
[03:56:53] [epollEventLoopGroup-4-1/INFO]: [Geyser-Spigot] Player connected with username SloppyJuanH
[03:56:53] [localSession-7-2/INFO]: [Geyser-Spigot] SloppyJuanH (logged in as: SloppyJuanH) has connected to the Java server
[03:56:53] [Server thread/INFO]: [floodgate] Floodgate player logged in as .SloppyJuanH joined (UUID: 00000000-0000-0000-0009-01f11f2d756a)
[03:56:53] [Server thread/INFO]: .SloppyJuanH joined the game
[03:56:53] [Server thread/INFO]: .SloppyJuanH[/127.0.0.1:0] logged in with entity id 335 at ([world]-55.5, 70.0, -96.5)
[03:57:20] [Server thread/INFO]: .SloppyJuanH issued server command: /tpa Jwanxz
[03:57:26] [Server thread/INFO]: Jwanxz issued server command: /tpaccept
[03:57:46] [Server thread/INFO]: .SloppyJuanH was slain by Jwanxz
[03:57:54] [localSession-7-2/INFO]: [Geyser-Spigot] SloppyJuanH has disconnected from the Java server because of Bedrock client disconnected
[03:57:54] [Geyser Spigot connection thread-6-3/INFO]: [floodgate] Floodgate player logged in as .SloppyJuanH disconnected
[03:57:54] [Server thread/INFO]: .SloppyJuanH lost connection: Disconnected
[03:57:54] [Server thread/INFO]: .SloppyJuanH left the game
[03:59:02] [epollEventLoopGroup-4-2/INFO]: [Geyser-Spigot] Player connected with username SloppyJuanH
[03:59:02] [localSession-7-3/INFO]: [Geyser-Spigot] SloppyJuanH (logged in as: SloppyJuanH) has connected to the Java server
[03:59:02] [Server thread/INFO]: [floodgate] Floodgate player logged in as .SloppyJuanH joined (UUID: 00000000-0000-0000-0009-01f11f2d756a)
[03:59:02] [Server thread/INFO]: .SloppyJuanH joined the game
[03:59:02] [Server thread/INFO]: .SloppyJuanH[/127.0.0.1:0] logged in with entity id 748 at ([world]-212.69999, 63.0, -182.69999)
[03:59:43] [localSession-7-3/INFO]: [Geyser-Spigot] SloppyJuanH has disconnected from the Java server because of Bedrock client disconnected
[03:59:43] [Geyser Spigot connection thread-6-4/INFO]: [floodgate] Floodgate player logged in as .SloppyJuanH disconnected
[03:59:43] [Server thread/INFO]: .SloppyJuanH lost connection: Disconnected
[03:59:43] [Server thread/INFO]: .SloppyJuanH left the game
[03:59:55] [Server thread/INFO]: Jwanxz lost connection: Disconnected
[03:59:55] [Server thread/INFO]: Jwanxz left the game
[04:00:11] [User Authenticator #1/INFO]: UUID of player Jwanxz is a7486279-1c00-380e-a00c-0b58214278c6
[04:00:12] [Server thread/INFO]: Jwanxz joined the game
[04:00:12] [Server thread/INFO]: Jwanxz[/127.155.128.49:60281] logged in with entity id 928 at ([world]-211.30000001192093, 64.0, -181.23750001192093)
[04:00:36] [User Authenticator #1/INFO]: UUID of player Sayui is c92108c3-397f-30b8-bf05-1d4546468e43
[04:00:37] [Server thread/INFO]: Sayui joined the game
[04:00:37] [Server thread/INFO]: Sayui[/127.190.62.222:56197] logged in with entity id 1007 at ([world]-210.45897336734825, 63.0, -203.83812617796215)
[04:04:42] [Server thread/INFO]: Sayui has made the advancement [Take Aim]
